<?xml version="1.0" encoding="UTF-8"?>
<testsuite xmlns:xsi="http://www.w3.org/2001/XMLSchema-instance" xsi:noNamespaceSchemaLocation="https://maven.apache.org/surefire/maven-surefire-plugin/xsd/surefire-test-report.xsd" name="com.sutek.jdbcoraclepom.AppTest" time="0.044" tests="1" errors="0" skipped="0" failures="0">
  <properties>
    <property name="sun.desktop" value="windows"/>
    <property name="awt.toolkit" value="sun.awt.windows.WToolkit"/>
    <property name="java.specification.version" value="11"/>
    <property name="sun.cpu.isalist" value="amd64"/>
    <property name="sun.jnu.encoding" value="Cp1252"/>
    <property name="java.class.path" value="C:\Code\MyJava\OracleJDBC\jdbc-oracle-pom\demo\target\test-classes;C:\Code\MyJava\OracleJDBC\jdbc-oracle-pom\demo\target\classes;C:\Users\x239757\.m2\repository\junit\junit\4.11\junit-4.11.jar;C:\Users\x239757\.m2\repository\org\hamcrest\hamcrest-core\1.3\hamcrest-core-1.3.jar;"/>
    <property name="java.vm.vendor" value="Oracle Corporation"/>
    <property name="sun.arch.data.model" value="64"/>
    <property name="user.variant" value=""/>
    <property name="java.vendor.url" value="https://openjdk.java.net/"/>
    <property name="user.timezone" value="America/New_York"/>
    <property name="java.vm.specification.version" value="11"/>
    <property name="os.name" value="Windows 10"/>
    <property name="sun.java.launcher" value="SUN_STANDARD"/>
    <property name="user.country" value="US"/>
    <property name="sun.boot.library.path" value="C:\Apps\Java\jdk-11.0.12\bin"/>
    <property name="sun.java.command" value="C:\Users\x239757\AppData\Local\Temp\surefire5652358570216230373\surefirebooter14878487580919476937.jar C:\Users\x239757\AppData\Local\Temp\surefire5652358570216230373 2022-04-09T00-29-55_504-jvmRun1 surefire5642595478629775525tmp surefire_010347087732566916729tmp"/>
    <property name="jdk.debug" value="release"/>
    <property name="surefire.test.class.path" value="C:\Code\MyJava\OracleJDBC\jdbc-oracle-pom\demo\target\test-classes;C:\Code\MyJava\OracleJDBC\jdbc-oracle-pom\demo\target\classes;C:\Users\x239757\.m2\repository\junit\junit\4.11\junit-4.11.jar;C:\Users\x239757\.m2\repository\org\hamcrest\hamcrest-core\1.3\hamcrest-core-1.3.jar;"/>
    <property name="sun.cpu.endian" value="little"/>
    <property name="user.home" value="C:\Users\x239757"/>
    <property name="user.language" value="en"/>
    <property name="java.specification.vendor" value="Oracle Corporation"/>
    <property name="java.version.date" value="2021-07-20"/>
    <property name="java.home" value="C:\Apps\Java\jdk-11.0.12"/>
    <property name="file.separator" value="\"/>
    <property name="basedir" value="C:\Code\MyJava\OracleJDBC\jdbc-oracle-pom\demo"/>
    <property name="java.vm.compressedOopsMode" value="Zero based"/>
    <property name="line.separator" value="&#10;"/>
    <property name="java.specification.name" value="Java Platform API Specification"/>
    <property name="java.vm.specification.vendor" value="Oracle Corporation"/>
    <property name="java.awt.graphicsenv" value="sun.awt.Win32GraphicsEnvironment"/>
    <property name="surefire.real.class.path" value="C:\Users\x239757\AppData\Local\Temp\surefire5652358570216230373\surefirebooter14878487580919476937.jar"/>
    <property name="user.script" value=""/>
    <property name="sun.management.compiler" value="HotSpot 64-Bit Tiered Compilers"/>
    <property name="java.runtime.version" value="11.0.12+8-LTS-237"/>
    <property name="user.name" value="x239757"/>
    <property name="path.separator" value=";"/>
    <property name="os.version" value="10.0"/>
    <property name="java.runtime.name" value="Java(TM) SE Runtime Environment"/>
    <property name="file.encoding" value="Cp1252"/>
    <property name="java.vm.name" value="Java HotSpot(TM) 64-Bit Server VM"/>
    <property name="java.vendor.version" value="18.9"/>
    <property name="localRepository" value="C:\Users\x239757\.m2\repository"/>
    <property name="java.vendor.url.bug" value="https://bugreport.java.com/bugreport/"/>
    <property name="java.io.tmpdir" value="C:\Users\x239757\AppData\Local\Temp\"/>
    <property name="java.version" value="11.0.12"/>
    <property name="user.dir" value="C:\Code\MyJava\OracleJDBC\jdbc-oracle-pom\demo"/>
    <property name="os.arch" value="amd64"/>
    <property name="java.vm.specification.name" value="Java Virtual Machine Specification"/>
    <property name="java.awt.printerjob" value="sun.awt.windows.WPrinterJob"/>
    <property name="sun.os.patch.level" value=""/>
    <property name="java.library.path" value="C:\Apps\Java\jdk-11.0.12\bin;C:\WINDOWS\Sun\Java\bin;C:\WINDOWS\system32;C:\WINDOWS;C:\Program Files\Microsoft\jdk-11.0.12.7-hotspot\bin;C:\Apps\Java\jdk-11.0.12\bin;C:\apps\Ruby\bin;C:\Python\Scripts\;C:\Python\;C:\Oracle12\product\12.1.0\client_1\bin;C:\Oracle\product\11.2.0\client_1\bin;C:\ORACLE\INSTANTCLIENT_11_2;C:\WINDOWS\system32;C:\WINDOWS;C:\WINDOWS\System32\Wbem;C:\WINDOWS\System32\WindowsPowerShell\v1.0\;C:\WINDOWS\System32\OpenSSH\;C:\Program Files (x86)\NVIDIA Corporation\PhysX\Common;C:\Program Files (x86)\Common Files\Hitachi ID\;C:\Program Files\Common Files\Hitachi ID\;C:\Program Files (x86)\Webex\Plugins;C:\Program Files (x86)\Webex\Webex\Applications;C:\Apps\Git\cmd;C:\WINDOWS\SysWOW64\;C:\WINDOWS;C:\WINDOWS\SysWOW64\Wbem;C:\Program Files (x86)\Microsoft SMS Installer\Installer Step-up Utility\Apps;C:\Program Files (x86)\Microsoft SMS Installer\Installer Step-up Utility\Apps\Extensions;C:\Program Files (x86)\InstallShield\AdminStudio\6.0\ConflictSolver;C:\Program Files (x86)\Windows Imaging;%MAVEN_HOME%\bin;C:\Apps\gradle-7.2\bin;C:\ProgramData\chocolatey\bin;C:\Program Files\Microsoft SQL Server\130\Tools\Binn\;C:\Users\x239757\AppData\Local\Android\Sdk\platform-tools\;C:\Programs\nvm;C:\Apps\nodejs;C:\Apps\kotlin\bin;C:\Program Files\Common Files\Oracle\Java\javapath;C:\Users\x239757\AppData\Local\Coursier\data\bin;C:\apps\sbt\bin;C:\Program Files\dotnet\;C:\Program Files\Microsoft SQL Server\Client SDK\ODBC\170\Tools\Binn\;C:\Program Files (x86)\Microsoft SQL Server\150\Tools\Binn\;C:\Program Files\Microsoft SQL Server\150\Tools\Binn\;C:\Program Files\Microsoft SQL Server\150\DTS\Binn\;C:\WINDOWS\system32;C:\WINDOWS\System32\Wbem;C:\WINDOWS\System32\WindowsPowerShell\v1.0\;C:\WINDOWS\System32\OpenSSH\;C:\Program Files (x86)\Microsoft SQL Server\150\DTS\Binn\;C:\Program Files\Azure Data Studio\bin;C:\Program Files\Docker\Docker\resources\bin;C:\ProgramData\DockerDesktop\version-bin;C:\Users\x239757\AppData\Roaming\.dotnet;C:\Users\x239757\AppData\Local\activestate\cache\bin;C:\Users\x239757\AppData\Local\ActiveState\StateTool\release;C:\Python\Scripts\;C:\Python\;C:\Users\x239757\AppData\Local\Programs\Python\Launcher\;C:\Ruby\bin;C:\apps\Ruby\bin;C:\Program Files\MySQL\MySQL Shell 8.0\bin\;C:\Users\x239757\AppData\Local\Microsoft\WindowsApps;C:\Apps\Microsoft VS Code\bin;C:\Users\x239757\AppData\Roaming\npm;C:\Users\x239757\AppData\Local\GitHubDesktop\bin;C:\Programs\nvm;C:\Apps\nodejs;C:\apps\MiKTeX\miktex\bin\x64\;C:\apps\Google\Cloud SDK\google-cloud-sdk\bin;C:\Users\x239757\.dotnet\tools;;C:\Program Files\Azure Data Studio\bin;C:\Apps\apache-maven-3.8.4\bin;C:\Apps\apache-maven-3.8.4\bin;."/>
    <property name="java.vendor" value="Oracle Corporation"/>
    <property name="java.vm.info" value="mixed mode"/>
    <property name="java.vm.version" value="11.0.12+8-LTS-237"/>
    <property name="sun.io.unicode.encoding" value="UnicodeLittle"/>
    <property name="java.class.version" value="55.0"/>
  </properties>
  <testcase name="shouldAnswerWithTrue" classname="com.sutek.jdbcoraclepom.AppTest" time="0.002"/>
</testsuite>